#
# A fatal error has been detected by the Java Runtime Environment:
#
#  Internal Error (javaClasses.cpp:136), pid=5084, tid=10568
#  fatal error: Invalid layout of preloaded class
#
# JRE version:  (7.0_51-b13) (build )
# Java VM: Java HotSpot(TM) 64-Bit Server VM (24.51-b03 mixed mode windows-amd64 compressed oops)
# Failed to write core dump. Minidumps are not enabled by default on client versions of Windows
#
# If you would like to submit a bug report, please visit:
#   http://bugreport.sun.com/bugreport/crash.jsp
#

---------------  T H R E A D  ---------------

Current thread (0x00000000004ee800):  JavaThread "Unknown thread" [_thread_in_vm, id=10568, stack(0x00000000026e0000,0x00000000027e0000)]

Stack: [0x00000000026e0000,0x00000000027e0000]

---------------  P R O C E S S  ---------------

Java Threads: ( => current thread )

Other Threads:

=>0x00000000004ee800 (exited) JavaThread "Unknown thread" [_thread_in_vm, id=10568, stack(0x00000000026e0000,0x00000000027e0000)]

VM state:not at safepoint (not fully initialized)

VM Mutex/Monitor currently owned by a thread: None

GC Heap History (0 events):
No events

Deoptimization events (0 events):
No events

Internal exceptions (0 events):
No events

Events (10 events):
Event: 0.007 loading class 0x000000000238d510 done
Event: 0.007 loading class 0x000000000238cf30 done
Event: 0.007 loading class 0x000000000238cf10
Event: 0.007 loading class 0x0000000002395010
Event: 0.008 loading class 0x0000000002395010 done
Event: 0.008 loading class 0x0000000002395040
Event: 0.008 loading class 0x0000000002395040 done
Event: 0.008 loading class 0x0000000002395070
Event: 0.008 loading class 0x0000000002395070 done
Event: 0.008 loading class 0x000000000238cf10 done


Dynamic libraries:
0x000000013f390000 - 0x000000013f3c3000 	C:\Program Files\Java\jre7\bin\javaw.exe
0x00000000771e0000 - 0x0000000077389000 	C:\windows\SYSTEM32\ntdll.dll
0x00000000770c0000 - 0x00000000771df000 	C:\windows\system32\kernel32.dll
0x000007fefd300000 - 0x000007fefd36b000 	C:\windows\system32\KERNELBASE.dll
0x0000000074d40000 - 0x0000000074dd5000 	C:\windows\System32\SYSFER.DLL
0x000007feff0d0000 - 0x000007feff1ab000 	C:\windows\system32\ADVAPI32.dll
0x000007feff1b0000 - 0x000007feff24f000 	C:\windows\system32\msvcrt.dll
0x000007feff3c0000 - 0x000007feff3df000 	C:\windows\SYSTEM32\sechost.dll
0x000007fefd630000 - 0x000007fefd75d000 	C:\windows\system32\RPCRT4.dll
0x0000000076fc0000 - 0x00000000770ba000 	C:\windows\system32\USER32.dll
0x000007feff2b0000 - 0x000007feff317000 	C:\windows\system32\GDI32.dll
0x000007fefd970000 - 0x000007fefd97e000 	C:\windows\system32\LPK.dll
0x000007feff000000 - 0x000007feff0c9000 	C:\windows\system32\USP10.dll
0x000007fefb620000 - 0x000007fefb814000 	C:\windows\WinSxS\amd64_microsoft.windows.common-controls_6595b64144ccf1df_6.0.7601.17514_none_fa396087175ac9ac\COMCTL32.dll
0x000007fefe990000 - 0x000007fefea01000 	C:\windows\system32\SHLWAPI.dll
0x000007fefd600000 - 0x000007fefd62e000 	C:\windows\system32\IMM32.DLL
0x000007feff3e0000 - 0x000007feff4e9000 	C:\windows\system32\MSCTF.dll
0x000000006fca0000 - 0x000000006fd72000 	C:\Program Files\Java\jre7\bin\msvcr100.dll
0x000000005c830000 - 0x000000005cff9000 	C:\Program Files\Java\jre7\bin\server\jvm.dll
0x000007fefc230000 - 0x000007fefc239000 	C:\windows\system32\WSOCK32.dll
0x000007feff260000 - 0x000007feff2ad000 	C:\windows\system32\WS2_32.dll
0x000007feff250000 - 0x000007feff258000 	C:\windows\system32\NSI.dll
0x000007fef3ec0000 - 0x000007fef3efb000 	C:\windows\system32\WINMM.dll
0x00000000773b0000 - 0x00000000773b7000 	C:\windows\system32\PSAPI.DLL
0x0000000074720000 - 0x000000007472f000 	C:\Program Files\Java\jre7\bin\verify.dll
0x0000000070100000 - 0x0000000070128000 	C:\Program Files\Java\jre7\bin\java.dll
0x0000000072140000 - 0x0000000072155000 	C:\Program Files\Java\jre7\bin\zip.dll

VM Arguments:
jvm_args: -ea -Dfile.encoding=Cp1252 -Xbootclasspath:C:\Users\John Urban\Documents\Temp_computer_stuff\adt-bundle-windows-x86_64-20131030\adt-bundle-windows-x86_64-20131030\sdk\platforms\android-19\android.jar 
java_command: org.eclipse.jdt.internal.junit.runner.RemoteTestRunner -version 3 -port 63895 -testLoaderClass org.eclipse.jdt.internal.junit.runner.junit3.JUnit3TestLoader -loaderpluginname org.eclipse.jdt.junit.runtime -classNames cs2114.Game2048.boardTest
Launcher Type: SUN_STANDARD

Environment Variables:
CLASSPATH=.;C:\Program Files (x86)\Java\jre7\lib\ext\QTJava.zip
PATH=C:\Program Files (x86)\NVIDIA Corporation\PhysX\Common;C:\Program Files\Common Files\Microsoft Shared\Windows Live;C:\Program Files (x86)\Common Files\Microsoft Shared\Windows Live;C:\windows\system32;C:\windows;C:\windows\System32\Wbem;C:\windows\System32\WindowsPowerShell\v1.0\;C:\Program Files (x86)\Common Files\Roxio Shared\DLLShared\;C:\Program Files (x86)\Common Files\Roxio Shared\OEM\DLLShared\;C:\Program Files (x86)\Common Files\Roxio Shared\OEM\DLLShared\;C:\Program Files (x86)\Common Files\Roxio Shared\OEM\12.0\DLLShared\;C:\Program Files (x86)\Roxio 2010\OEM\AudioCore\;C:\Program Files (x86)\Windows Live\Shared;C:\Program Files\Intel\WiFi\bin\;C:\Program Files\Common Files\Intel\WirelessCommon\;C:\Program Files\WIDCOMM\Bluetooth Software\;C:\Program Files\WIDCOMM\Bluetooth Software\syswow64;C:\Program Files (x86)\Microsoft SQL Server\100\Tools\Binn\;C:\Program Files (x86)\Microsoft SQL Server\100\DTS\Binn\;C:\Program Files (x86)\QuickTime\QTSystem\;D:\Program Files (x86)\bin;C:\Program Files (x86)\Intel\OpenCL SDK\2.0\bin\x86;C:\Program Files (x86)\Intel\OpenCL SDK\2.0\bin\x64;C:\Program Files\Intel\WiFi\bin\;C:\Program Files\Common Files\Intel\WirelessCommon\
USERNAME=John Urban
OS=Windows_NT
PROCESSOR_IDENTIFIER=Intel64 Family 6 Model 42 Stepping 7, GenuineIntel



---------------  S Y S T E M  ---------------

OS: Windows 7 , 64 bit Build 7601 Service Pack 1

CPU:total 4 (2 cores per cpu, 2 threads per core) family 6 model 42 stepping 7, cmov, cx8, fxsr, mmx, sse, sse2, sse3, ssse3, sse4.1, sse4.2, popcnt, avx, aes, ht, tsc, tscinvbit

Memory: 4k page, physical 8103932k(2727896k free), swap 20390068k(13961964k free)

vm_info: Java HotSpot(TM) 64-Bit Server VM (24.51-b03) for windows-amd64 JRE (1.7.0_51-b13), built on Dec 18 2013 18:40:56 by "java_re" with unknown MS VC++:1600

time: Tue Apr 29 18:30:11 2014
elapsed time: 0 seconds

